[0m06:15:54.946806 [debug] [MainThread]: Sending event: {'category': 'dbt', 'action': 'invocation', 'label': 'start', 'context': [<snowplow_tracker.self_describing_json.SelfDescribingJson object at 0x7f56e8381d60>, <snowplow_tracker.self_describing_json.SelfDescribingJson object at 0x7f56e9f1ce60>, <snowplow_tracker.self_describing_json.SelfDescribingJson object at 0x7f56e82bea80>]}


============================== 06:15:54.954135 | 105a1180-e0f2-4c3c-ac6d-59433b4c180d ==============================
[0m06:15:54.954135 [info ] [MainThread]: Running with dbt=1.9.0
[0m06:15:54.955258 [debug] [MainThread]: running dbt with arguments {'printer_width': '80', 'indirect_selection': 'eager', 'write_json': 'True', 'log_cache_events': 'False', 'partial_parse': 'True', 'cache_selected_only': 'False', 'warn_error': 'None', 'debug': 'False', 'fail_fast': 'False', 'log_path': 'logs', 'profiles_dir': '/root/.dbt', 'version_check': 'True', 'use_colors': 'True', 'use_experimental_parser': 'False', 'no_print': 'None', 'quiet': 'False', 'empty': 'None', 'log_format': 'default', 'invocation_command': 'dbt init gdelt_vault', 'warn_error_options': 'WarnErrorOptions(include=[], exclude=[])', 'static_parser': 'True', 'target_path': 'None', 'introspect': 'True', 'send_anonymous_usage_stats': 'True'}
[0m06:15:54.963885 [warn ] [MainThread]: [ConfigFolderDirectory]: Unable to parse logging event dictionary. Failed to parse dir field: expected string or bytes-like object, got 'PosixPath'.. Dictionary: {'dir': PosixPath('/root/.dbt')}
[0m06:15:54.964971 [info ] [MainThread]: Creating dbt configuration folder at 
[0m06:15:54.967637 [debug] [MainThread]: Starter project path: /usr/local/lib/python3.12/site-packages/dbt/include/starter_project
[0m06:15:55.074871 [info ] [MainThread]: 
Your new dbt project "gdelt_vault" was created!

For more information on how to configure the profiles.yml file,
please consult the dbt documentation here:

  https://docs.getdbt.com/docs/configure-your-profile

One more thing:

Need help? Don't hesitate to reach out to us via GitHub issues or on Slack:

  https://community.getdbt.com/

Happy modeling!

[0m06:15:55.075888 [info ] [MainThread]: Setting up your profile.
[0m06:20:09.359276 [info ] [MainThread]: Profile gdelt_vault written to /root/.dbt/profiles.yml using target's profile_template.yml and your supplied values. Run 'dbt debug' to validate the connection.
[0m06:20:09.361127 [debug] [MainThread]: Resource report: {"command_name": "init", "command_success": true, "command_wall_clock_time": 255.16905, "process_in_blocks": "0", "process_kernel_time": 0.128886, "process_mem_max_rss": "92844", "process_out_blocks": "56", "process_user_time": 1.189718}
[0m06:20:09.362018 [debug] [MainThread]: Command `dbt init` succeeded at 06:20:09.361882 after 255.17 seconds
[0m06:20:09.362788 [debug] [MainThread]: Sending event: {'category': 'dbt', 'action': 'invocation', 'label': 'end', 'context': [<snowplow_tracker.self_describing_json.SelfDescribingJson object at 0x7f56e8381d60>, <snowplow_tracker.self_describing_json.SelfDescribingJson object at 0x7f56e810daf0>, <snowplow_tracker.self_describing_json.SelfDescribingJson object at 0x7f56e81e5970>]}
[0m06:20:09.363533 [debug] [MainThread]: Flushing usage events
[0m06:20:10.139971 [debug] [MainThread]: An error was encountered while trying to flush usage events
[0m06:20:44.950638 [debug] [MainThread]: Sending event: {'category': 'dbt', 'action': 'invocation', 'label': 'start', 'context': [<snowplow_tracker.self_describing_json.SelfDescribingJson object at 0x7f5bb865c7d0>, <snowplow_tracker.self_describing_json.SelfDescribingJson object at 0x7f5bb7647ad0>, <snowplow_tracker.self_describing_json.SelfDescribingJson object at 0x7f5bb6d85be0>]}


============================== 06:20:44.954586 | 52d2b69f-a80c-482d-b1c7-f137dc18d4f2 ==============================
[0m06:20:44.954586 [info ] [MainThread]: Running with dbt=1.9.0
[0m06:20:44.955628 [debug] [MainThread]: running dbt with arguments {'printer_width': '80', 'indirect_selection': 'eager', 'log_cache_events': 'False', 'write_json': 'True', 'partial_parse': 'True', 'cache_selected_only': 'False', 'profiles_dir': '/root/.dbt', 'fail_fast': 'False', 'warn_error': 'None', 'log_path': 'logs', 'version_check': 'True', 'debug': 'False', 'use_colors': 'True', 'use_experimental_parser': 'False', 'no_print': 'None', 'quiet': 'False', 'empty': 'None', 'warn_error_options': 'WarnErrorOptions(include=[], exclude=[])', 'static_parser': 'True', 'invocation_command': 'dbt debug', 'introspect': 'True', 'target_path': 'None', 'log_format': 'default', 'send_anonymous_usage_stats': 'True'}
[0m06:20:44.964228 [info ] [MainThread]: dbt version: 1.9.0
[0m06:20:44.965135 [info ] [MainThread]: python version: 3.12.4
[0m06:20:44.966018 [info ] [MainThread]: python path: /usr/local/bin/python
[0m06:20:44.966943 [info ] [MainThread]: os info: Linux-5.15.167.4-microsoft-standard-WSL2-x86_64-with-glibc2.31
[0m06:20:45.030335 [info ] [MainThread]: Using profiles dir at /root/.dbt
[0m06:20:45.031441 [info ] [MainThread]: Using profiles.yml file at /root/.dbt/profiles.yml
[0m06:20:45.032326 [info ] [MainThread]: Using dbt_project.yml file at /workspace/dbt_project.yml
[0m06:20:45.033438 [info ] [MainThread]: adapter type: postgres
[0m06:20:45.034243 [info ] [MainThread]: adapter version: 1.9.0
[0m06:20:45.035267 [info ] [MainThread]: Configuration:
[0m06:20:45.036201 [info ] [MainThread]:   profiles.yml file [[32mOK found and valid[0m]
[0m06:20:45.037237 [info ] [MainThread]:   dbt_project.yml file [[31mERROR not found[0m]
[0m06:20:45.038235 [info ] [MainThread]: Required dependencies:
[0m06:20:45.039156 [debug] [MainThread]: Executing "git --help"
[0m06:20:45.041880 [debug] [MainThread]: STDOUT: "b"usage: git [--version] [--help] [-C <path>] [-c <name>=<value>]\n           [--exec-path[=<path>]] [--html-path] [--man-path] [--info-path]\n           [-p | --paginate | -P | --no-pager] [--no-replace-objects] [--bare]\n           [--git-dir=<path>] [--work-tree=<path>] [--namespace=<name>]\n           <command> [<args>]\n\nThese are common Git commands used in various situations:\n\nstart a working area (see also: git help tutorial)\n   clone             Clone a repository into a new directory\n   init              Create an empty Git repository or reinitialize an existing one\n\nwork on the current change (see also: git help everyday)\n   add               Add file contents to the index\n   mv                Move or rename a file, a directory, or a symlink\n   restore           Restore working tree files\n   rm                Remove files from the working tree and from the index\n   sparse-checkout   Initialize and modify the sparse-checkout\n\nexamine the history and state (see also: git help revisions)\n   bisect            Use binary search to find the commit that introduced a bug\n   diff              Show changes between commits, commit and working tree, etc\n   grep              Print lines matching a pattern\n   log               Show commit logs\n   show              Show various types of objects\n   status            Show the working tree status\n\ngrow, mark and tweak your common history\n   branch            List, create, or delete branches\n   commit            Record changes to the repository\n   merge             Join two or more development histories together\n   rebase            Reapply commits on top of another base tip\n   reset             Reset current HEAD to the specified state\n   switch            Switch branches\n   tag               Create, list, delete or verify a tag object signed with GPG\n\ncollaborate (see also: git help workflows)\n   fetch             Download objects and refs from another repository\n   pull              Fetch from and integrate with another repository or a local branch\n   push              Update remote refs along with associated objects\n\n'git help -a' and 'git help -g' list available subcommands and some\nconcept guides. See 'git help <command>' or 'git help <concept>'\nto read about a specific subcommand or concept.\nSee 'git help git' for an overview of the system.\n""
[0m06:20:45.042667 [debug] [MainThread]: STDERR: "b''"
[0m06:20:45.043468 [info ] [MainThread]:  - git [[32mOK found[0m]

[0m06:20:45.044343 [info ] [MainThread]: Connection:
[0m06:20:45.045116 [info ] [MainThread]:   host: gdelt
[0m06:20:45.045878 [info ] [MainThread]:   port: 5432
[0m06:20:45.046946 [info ] [MainThread]:   user: gdelt_user
[0m06:20:45.048019 [info ] [MainThread]:   database: gdelt_vault
[0m06:20:45.048840 [info ] [MainThread]:   schema: aml
[0m06:20:45.049599 [info ] [MainThread]:   connect_timeout: 10
[0m06:20:45.050480 [info ] [MainThread]:   role: None
[0m06:20:45.051378 [info ] [MainThread]:   search_path: None
[0m06:20:45.052235 [info ] [MainThread]:   keepalives_idle: 0
[0m06:20:45.052977 [info ] [MainThread]:   sslmode: None
[0m06:20:45.053892 [info ] [MainThread]:   sslcert: None
[0m06:20:45.054995 [info ] [MainThread]:   sslkey: None
[0m06:20:45.056371 [info ] [MainThread]:   sslrootcert: None
[0m06:20:45.057188 [info ] [MainThread]:   application_name: dbt
[0m06:20:45.058104 [info ] [MainThread]:   retries: 1
[0m06:20:45.059319 [info ] [MainThread]: Registered adapter: postgres=1.9.0
[0m06:20:45.131190 [debug] [MainThread]: Acquiring new postgres connection 'debug'
[0m06:20:45.166883 [debug] [MainThread]: Using postgres connection "debug"
[0m06:20:45.167883 [debug] [MainThread]: On debug: select 1 as id
[0m06:20:45.168711 [debug] [MainThread]: Opening a new connection, currently in state init
[0m06:20:49.153580 [debug] [MainThread]: Postgres adapter: Got a retryable error when attempting to open a postgres connection.
1 attempts remaining. Retrying in 0 seconds.
Error:
could not translate host name "gdelt" to address: Name or service not known

[0m06:20:53.025555 [debug] [MainThread]: Postgres adapter: Error running SQL: select 1 as id
[0m06:20:53.026486 [debug] [MainThread]: Postgres adapter: Rolling back transaction.
[0m06:20:53.027255 [debug] [MainThread]: On debug: No close available on handle
[0m06:20:53.027969 [info ] [MainThread]:   Connection test: [[31mERROR[0m]

[0m06:20:53.028808 [info ] [MainThread]: [31m2 checks failed:[0m
[0m06:20:53.029588 [info ] [MainThread]: Project loading failed for the following reason:
 project path </workspace/dbt_project.yml> not found

[0m06:20:53.030328 [info ] [MainThread]: dbt was unable to connect to the specified database.
The database returned the following error:

  >Database Error
  could not translate host name "gdelt" to address: Name or service not known
  

Check your database credentials and try again. For more information, visit:
https://docs.getdbt.com/docs/configure-your-profile


[0m06:20:53.031769 [debug] [MainThread]: Resource report: {"command_name": "debug", "command_success": false, "command_wall_clock_time": 8.182883, "process_in_blocks": "0", "process_kernel_time": 0.179726, "process_mem_max_rss": "96548", "process_out_blocks": "32", "process_user_time": 1.327975}
[0m06:20:53.032684 [debug] [MainThread]: Command `dbt debug` failed at 06:20:53.032566 after 8.18 seconds
[0m06:20:53.033447 [debug] [MainThread]: Connection 'debug' was properly closed.
[0m06:20:53.034196 [debug] [MainThread]: Sending event: {'category': 'dbt', 'action': 'invocation', 'label': 'end', 'context': [<snowplow_tracker.self_describing_json.SelfDescribingJson object at 0x7f5bb7100bc0>, <snowplow_tracker.self_describing_json.SelfDescribingJson object at 0x7f5bb693df10>, <snowplow_tracker.self_describing_json.SelfDescribingJson object at 0x7f5bb6f45730>]}
[0m06:20:53.034970 [debug] [MainThread]: Flushing usage events
[0m06:20:53.507193 [debug] [MainThread]: An error was encountered while trying to flush usage events
[0m01:05:16.302881 [debug] [MainThread]: Sending event: {'category': 'dbt', 'action': 'invocation', 'label': 'start', 'context': [<snowplow_tracker.self_describing_json.SelfDescribingJson object at 0x7f6d20908620>, <snowplow_tracker.self_describing_json.SelfDescribingJson object at 0x7f6d202692b0>, <snowplow_tracker.self_describing_json.SelfDescribingJson object at 0x7f6d2090ac90>]}


============================== 01:05:16.312063 | 3aec65de-a433-4c5c-b071-9e28cd34e1ce ==============================
[0m01:05:16.312063 [info ] [MainThread]: Running with dbt=1.9.0
[0m01:05:16.313305 [debug] [MainThread]: running dbt with arguments {'printer_width': '80', 'indirect_selection': 'eager', 'log_cache_events': 'False', 'write_json': 'True', 'partial_parse': 'True', 'cache_selected_only': 'False', 'profiles_dir': '/root/.dbt', 'version_check': 'True', 'warn_error': 'None', 'log_path': 'logs', 'debug': 'False', 'fail_fast': 'False', 'use_colors': 'True', 'use_experimental_parser': 'False', 'no_print': 'None', 'quiet': 'False', 'empty': 'None', 'log_format': 'default', 'introspect': 'True', 'static_parser': 'True', 'invocation_command': 'dbt debug', 'target_path': 'None', 'warn_error_options': 'WarnErrorOptions(include=[], exclude=[])', 'send_anonymous_usage_stats': 'True'}
[0m01:05:16.326632 [info ] [MainThread]: dbt version: 1.9.0
[0m01:05:16.327655 [info ] [MainThread]: python version: 3.12.4
[0m01:05:16.328562 [info ] [MainThread]: python path: /usr/local/bin/python
[0m01:05:16.329389 [info ] [MainThread]: os info: Linux-5.15.167.4-microsoft-standard-WSL2-x86_64-with-glibc2.31
[0m01:05:16.330263 [info ] [MainThread]: Using profiles dir at /root/.dbt
[0m01:05:16.331285 [info ] [MainThread]: Using profiles.yml file at /root/.dbt/profiles.yml
[0m01:05:16.332166 [info ] [MainThread]: Using dbt_project.yml file at /workspace/dbt_project.yml
[0m01:05:16.333196 [info ] [MainThread]: Configuration:
[0m01:05:16.333998 [info ] [MainThread]:   profiles.yml file [[31mERROR not found[0m]
[0m01:05:16.334726 [info ] [MainThread]:   dbt_project.yml file [[31mERROR not found[0m]
[0m01:05:16.335563 [info ] [MainThread]: Required dependencies:
[0m01:05:16.336308 [debug] [MainThread]: Executing "git --help"
[0m01:05:16.342573 [debug] [MainThread]: STDOUT: "b"usage: git [--version] [--help] [-C <path>] [-c <name>=<value>]\n           [--exec-path[=<path>]] [--html-path] [--man-path] [--info-path]\n           [-p | --paginate | -P | --no-pager] [--no-replace-objects] [--bare]\n           [--git-dir=<path>] [--work-tree=<path>] [--namespace=<name>]\n           <command> [<args>]\n\nThese are common Git commands used in various situations:\n\nstart a working area (see also: git help tutorial)\n   clone             Clone a repository into a new directory\n   init              Create an empty Git repository or reinitialize an existing one\n\nwork on the current change (see also: git help everyday)\n   add               Add file contents to the index\n   mv                Move or rename a file, a directory, or a symlink\n   restore           Restore working tree files\n   rm                Remove files from the working tree and from the index\n   sparse-checkout   Initialize and modify the sparse-checkout\n\nexamine the history and state (see also: git help revisions)\n   bisect            Use binary search to find the commit that introduced a bug\n   diff              Show changes between commits, commit and working tree, etc\n   grep              Print lines matching a pattern\n   log               Show commit logs\n   show              Show various types of objects\n   status            Show the working tree status\n\ngrow, mark and tweak your common history\n   branch            List, create, or delete branches\n   commit            Record changes to the repository\n   merge             Join two or more development histories together\n   rebase            Reapply commits on top of another base tip\n   reset             Reset current HEAD to the specified state\n   switch            Switch branches\n   tag               Create, list, delete or verify a tag object signed with GPG\n\ncollaborate (see also: git help workflows)\n   fetch             Download objects and refs from another repository\n   pull              Fetch from and integrate with another repository or a local branch\n   push              Update remote refs along with associated objects\n\n'git help -a' and 'git help -g' list available subcommands and some\nconcept guides. See 'git help <command>' or 'git help <concept>'\nto read about a specific subcommand or concept.\nSee 'git help git' for an overview of the system.\n""
[0m01:05:16.343759 [debug] [MainThread]: STDERR: "b''"
[0m01:05:16.344723 [info ] [MainThread]:  - git [[32mOK found[0m]

[0m01:05:16.345675 [info ] [MainThread]: Connection test skipped since no profile was found
[0m01:05:16.346786 [info ] [MainThread]: [31m2 checks failed:[0m
[0m01:05:16.349631 [info ] [MainThread]: dbt looked for a profiles.yml file in /root/.dbt/profiles.yml, but did
not find one. For more information on configuring your profile, consult the
documentation:

https://docs.getdbt.com/docs/configure-your-profile


[0m01:05:16.350647 [info ] [MainThread]: Project loading failed for the following reason:
 project path </workspace/dbt_project.yml> not found

[0m01:05:16.352429 [debug] [MainThread]: Resource report: {"command_name": "debug", "command_success": false, "command_wall_clock_time": 0.14476973, "process_in_blocks": "0", "process_kernel_time": 0.141435, "process_mem_max_rss": "86928", "process_out_blocks": "48", "process_user_time": 1.181996}
[0m01:05:16.353367 [debug] [MainThread]: Command `dbt debug` failed at 01:05:16.353250 after 0.15 seconds
[0m01:05:16.354106 [debug] [MainThread]: Sending event: {'category': 'dbt', 'action': 'invocation', 'label': 'end', 'context': [<snowplow_tracker.self_describing_json.SelfDescribingJson object at 0x7f6d205c7740>, <snowplow_tracker.self_describing_json.SelfDescribingJson object at 0x7f6d205850a0>, <snowplow_tracker.self_describing_json.SelfDescribingJson object at 0x7f6d1fd48770>]}
[0m01:05:16.354856 [debug] [MainThread]: Flushing usage events
[0m01:05:16.947582 [debug] [MainThread]: An error was encountered while trying to flush usage events
